c:\shared\c-c++\c++\flappybird\flappybird\flappybird\x64\debug\vc143.pdb
c:\shared\c-c++\c++\flappybird\flappybird\flappybird\x64\debug\vc143.idb
c:\shared\c-c++\c++\flappybird\flappybird\flappybird\x64\debug\state.obj
c:\shared\c-c++\c++\flappybird\flappybird\flappybird\x64\debug\main.obj
c:\shared\c-c++\c++\flappybird\flappybird\flappybird\x64\debug\assetsmanger.obj
c:\shared\c-c++\c++\flappybird\flappybird\flappybird\x64\debug\statestack.obj
c:\shared\c-c++\c++\flappybird\flappybird\flappybird\x64\debug\inputmanager.obj
c:\shared\c-c++\c++\flappybird\flappybird\flappybird\x64\debug\game.obj
c:\shared\c-c++\c++\flappybird\flappybird\flappybird\x64\debug\mainmenustate.obj
c:\shared\c-c++\c++\flappybird\flappybird\x64\debug\flappybird.exe
c:\shared\c-c++\c++\flappybird\flappybird\x64\debug\flappybird.pdb
c:\shared\c-c++\c++\flappybird\flappybird\flappybird\x64\debug\flappybird.ilk
c:\shared\c-c++\c++\flappybird\flappybird\flappybird\x64\debug\flappybird.obj
c:\shared\c-c++\c++\flappybird\flappybird\flappybird\x64\debug\flappybird.tlog\cl.command.1.tlog
c:\shared\c-c++\c++\flappybird\flappybird\flappybird\x64\debug\flappybird.tlog\cl.items.tlog
c:\shared\c-c++\c++\flappybird\flappybird\flappybird\x64\debug\flappybird.tlog\cl.read.1.tlog
c:\shared\c-c++\c++\flappybird\flappybird\flappybird\x64\debug\flappybird.tlog\cl.write.1.tlog
c:\shared\c-c++\c++\flappybird\flappybird\flappybird\x64\debug\flappybird.tlog\link-cvtres.read.1.tlog
c:\shared\c-c++\c++\flappybird\flappybird\flappybird\x64\debug\flappybird.tlog\link-cvtres.write.1.tlog
c:\shared\c-c++\c++\flappybird\flappybird\flappybird\x64\debug\flappybird.tlog\link-rc.read.1.tlog
c:\shared\c-c++\c++\flappybird\flappybird\flappybird\x64\debug\flappybird.tlog\link-rc.write.1.tlog
c:\shared\c-c++\c++\flappybird\flappybird\flappybird\x64\debug\flappybird.tlog\link.23888-cvtres.read.1.tlog
c:\shared\c-c++\c++\flappybird\flappybird\flappybird\x64\debug\flappybird.tlog\link.23888-cvtres.write.1.tlog
c:\shared\c-c++\c++\flappybird\flappybird\flappybird\x64\debug\flappybird.tlog\link.23888-rc.read.1.tlog
c:\shared\c-c++\c++\flappybird\flappybird\flappybird\x64\debug\flappybird.tlog\link.23888-rc.write.1.tlog
c:\shared\c-c++\c++\flappybird\flappybird\flappybird\x64\debug\flappybird.tlog\link.23888.read.1.tlog
c:\shared\c-c++\c++\flappybird\flappybird\flappybird\x64\debug\flappybird.tlog\link.23888.read.2.tlog
c:\shared\c-c++\c++\flappybird\flappybird\flappybird\x64\debug\flappybird.tlog\link.23888.write.1.tlog
c:\shared\c-c++\c++\flappybird\flappybird\flappybird\x64\debug\flappybird.tlog\link.command.1.tlog
c:\shared\c-c++\c++\flappybird\flappybird\flappybird\x64\debug\flappybird.tlog\link.read.1.tlog
c:\shared\c-c++\c++\flappybird\flappybird\flappybird\x64\debug\flappybird.tlog\link.read.2.tlog
c:\shared\c-c++\c++\flappybird\flappybird\flappybird\x64\debug\flappybird.tlog\link.secondary.1.tlog
c:\shared\c-c++\c++\flappybird\flappybird\flappybird\x64\debug\flappybird.tlog\link.write.1.tlog
